/*C12*/SET SCHEMA PUBLIC
alter table credit_offer drop constraint UK_11c6ab6bjw31t1noewx676c70
alter table credit_offer add constraint UK_11c6ab6bjw31t1noewx676c70 unique (client_id)
alter table credit_offer drop constraint UK_s1hd1njh7lldhw9gxm2dhv6d4
alter table credit_offer add constraint UK_s1hd1njh7lldhw9gxm2dhv6d4 unique (credit_id)
DISCONNECT
/*C13*/SET SCHEMA PUBLIC
DISCONNECT
/*C14*/SET SCHEMA PUBLIC
DISCONNECT
/*C15*/SET SCHEMA PUBLIC
DISCONNECT
/*C16*/SET SCHEMA PUBLIC
DISCONNECT
/*C17*/SET SCHEMA PUBLIC
DISCONNECT
/*C18*/SET SCHEMA PUBLIC
DISCONNECT
/*C19*/SET SCHEMA PUBLIC
DISCONNECT
/*C20*/SET SCHEMA PUBLIC
DISCONNECT
/*C21*/SET SCHEMA PUBLIC
DISCONNECT
